0 info it worked if it ends with ok
1 verbose cli [ '/usr/local/bin/node',
1 verbose cli   '/usr/local/bin/npm',
1 verbose cli   'start',
1 verbose cli   'localhost' ]
2 info using npm@3.8.3
3 info using node@v5.10.1
4 verbose run-script [ 'prestart', 'start', 'poststart' ]
5 info lifecycle typo-typer@0.0.1~prestart: typo-typer@0.0.1
6 silly lifecycle typo-typer@0.0.1~prestart: no script for prestart, continuing
7 info lifecycle typo-typer@0.0.1~start: typo-typer@0.0.1
8 verbose lifecycle typo-typer@0.0.1~start: unsafe-perm in lifecycle true
9 verbose lifecycle typo-typer@0.0.1~start: PATH: /usr/local/lib/node_modules/npm/bin/node-gyp-bin:/Users/kevin/projects/nonsense/typo-typer/node_modules/.bin:/usr/local/bin:/usr/local/bin:/usr/bin:/bin:/usr/sbin:/sbin:/Library/TeX/texbin:/Users/kevin/tools/apache-maven-3.3.3/bin:/Users/kevin/tools/bin:/Users/kevin/env/bin
10 verbose lifecycle typo-typer@0.0.1~start: CWD: /Users/kevin/projects/nonsense/typo-typer
11 silly lifecycle typo-typer@0.0.1~start: Args: [ '-c', 'node . "localhost"' ]
12 silly lifecycle typo-typer@0.0.1~start: Returned: code: 1  signal: null
13 info lifecycle typo-typer@0.0.1~start: Failed to exec start script
14 verbose stack Error: typo-typer@0.0.1 start: `node . "localhost"`
14 verbose stack Exit status 1
14 verbose stack     at EventEmitter.<anonymous> (/usr/local/lib/node_modules/npm/lib/utils/lifecycle.js:239:16)
14 verbose stack     at emitTwo (events.js:100:13)
14 verbose stack     at EventEmitter.emit (events.js:185:7)
14 verbose stack     at ChildProcess.<anonymous> (/usr/local/lib/node_modules/npm/lib/utils/spawn.js:24:14)
14 verbose stack     at emitTwo (events.js:100:13)
14 verbose stack     at ChildProcess.emit (events.js:185:7)
14 verbose stack     at maybeClose (internal/child_process.js:850:16)
14 verbose stack     at Process.ChildProcess._handle.onexit (internal/child_process.js:215:5)
15 verbose pkgid typo-typer@0.0.1
16 verbose cwd /Users/kevin/projects/nonsense/typo-typer
17 error Darwin 15.5.0
18 error argv "/usr/local/bin/node" "/usr/local/bin/npm" "start" "localhost"
19 error node v5.10.1
20 error npm  v3.8.3
21 error code ELIFECYCLE
22 error typo-typer@0.0.1 start: `node . "localhost"`
22 error Exit status 1
23 error Failed at the typo-typer@0.0.1 start script 'node . "localhost"'.
23 error Make sure you have the latest version of node.js and npm installed.
23 error If you do, this is most likely a problem with the typo-typer package,
23 error not with npm itself.
23 error Tell the author that this fails on your system:
23 error     node . "localhost"
23 error You can get information on how to open an issue for this project with:
23 error     npm bugs typo-typer
23 error Or if that isn't available, you can get their info via:
23 error     npm owner ls typo-typer
23 error There is likely additional logging output above.
24 verbose exit [ 1, true ]
